<?xml version="1.0" encoding="UTF-8"?>
<!-- Generated by org.testng.reporters.JUnitReportReporter -->
<testsuite hostname="pkrvmubgrv54qmi" failures="0" tests="1" name="app.tests.e2e.E2E_UserRoleAccessTest" time="6.456" errors="0" timestamp="2025-08-19T21:10:22 UTC" skipped="0">
  <testcase classname="app.tests.e2e.E2E_UserRoleAccessTest" name="userAndAdminAccess" time="6.456"/>
</testsuite> <!-- app.tests.e2e.E2E_UserRoleAccessTest -->
