<?xml version="1.0" encoding="UTF-8"?>
<!-- Generated by org.testng.reporters.JUnitReportReporter -->
<testsuite hostname="pkrvmubgrv54qmi" failures="0" tests="1" name="app.tests.debug.DirectFirefoxTest" time="15.951" errors="0" timestamp="2025-08-19T21:00:58 UTC" skipped="0">
  <testcase classname="app.tests.debug.DirectFirefoxTest" name="directFirefoxTest" time="15.951"/>
</testsuite> <!-- app.tests.debug.DirectFirefoxTest -->
