<?xml version="1.0" encoding="UTF-8"?>
<!-- Generated by org.testng.reporters.JUnitReportReporter -->
<testsuite hostname="pkrvmubgrv54qmi" failures="0" tests="1" name="app.tests.smoke.Smoke_Files_UploadDownloadTest" time="9.337" errors="0" timestamp="2025-08-19T21:10:22 UTC" skipped="0">
  <testcase classname="app.tests.smoke.Smoke_Files_UploadDownloadTest" name="uploadAndDownload" time="9.337"/>
</testsuite> <!-- app.tests.smoke.Smoke_Files_UploadDownloadTest -->
